
******* Array-Dimensions *******

 k   :  minkoe, maxkoe      12    4000
 h   :  htmdim, maxhtm      18    4000
 hl  :  hopdim, maxhop      15    4000
 nh  :  minfac, maxfac       7     200
 n   :    ndef, maxdef      85     240
 n   :    npar, maxpar       3     300
 n   :    nrdf, maxrdf       0      16
 np  : npesopt, maxpes       0     100
 nham:  hamdim, maxham       2      10
 muld: mulddim,maxmuld       0      10
 LMR :    iLMR, maxLMR       0      20
 minnhtmshift,maxnhtmshift     0    10
 (for minedim, maxedim see log file)

***** Operator details *****

ndof   =   2 ,  nmode   =   1
nopdof =   3 ,  nopmode =   3
feb =  2,  meb =  3,   fpb =  0,  mpb =  0,  mkoe =  2
leb = F,  lmult = T,  lmulpack = F,  lcap = F

DOF no.    label
    1       X
    2       el
- - - - - - - - - - - - - - -
    3       Koeff

Mode     DOFs
   1    1=       X
- - - - - - - - - - - - - - -
   2    3=   Koeff
   3    2=      el

Number of Hamiltonians defined:     2
    1     system                usediag
    2     h1                    usediag

Information for Hamiltonian : System

Total no. of terms      :      4
No. of correlated terms :      2

No. of uncorrelated terms for mode   1  state  1:     1
No. of uncorrelated terms for mode   1  state  2:     1

Information for Hamiltonian : h1

Total no. of terms      :      2
No. of correlated terms :      0

No. of uncorrelated terms for mode   1  state  1:     1
No. of uncorrelated terms for mode   1  state  2:     1

  Parameters
PI                      3.141592653590
gamma                   0.100000000000
mass_X                  1.000000000000

Number of operators removed =     0,  cutoff = 1.00E-09

  Operator Labels    [hl,hoplab,(deflabel),hopilab,hopfile]
    hl  Label                         function no.  file no.
     1  1                                       1       302
     2  -1                                      2       302
     3  I                                       1       101
     4  KEdvr                                   5         3
     5  0.5                                     0       301
     6  S1&1                                   10         3
     7  q^2                  QH01               3       302
     8  S2&2                                   10         3
     9  q[1]^2               QHO2               3       302
    10  gamma                                   2       301
    11  S1&2                                   10         3
    12  S2&1                                   10         3

Hamiltonian Operator Terms [h,htmdof,htmadof,htmndof,htmmode,htmmuld,htmtype,
                            htmsym,htmshift,string]
   No.   f  af  nf   m  md Typ Sym   Shift      Term
     1   1   1   0   0   0   1   1       0    1
     2   2   2   0   0   0   1   1       0    1
     3   K           0   0   1   1            1
    10   K           0   0   2   1            gamma
    13   1   1   0   0   0   8   1       0    q^2*0.5 + KEdvr
    14   1   1   0   0   0   8   1       0    KEdvr + q^2*0.5
    15   1   1   0   0   0   8   1       0    q[1]^2*0.5 + KEdvr

Arguments for operators
  No.    Arguments
    1    2.0000000        0.0000000        0.0000000        0.0000000    

********* System Hamiltonian ***********

Correlated Terms  (ki,kf: initial and final el. state. h=hamilton(f,k))
            dof order =      X |
     k  ki  kf coeff   No.s
     1   2   1   10          1
     2   1   2   10          1

Terms
     k   m   s  sym coeff   No.s
     3   1   1   1    3      13
     4   1   2   1    3      15

**** Non-hermitian operators ****
     Hermitian      =  1
     Anti-Hermitian = -1
     No Symmetry    =  0

     k  ki  kf coeff     hsym(m,k)  (Last column is sym of coeff)
     1   1   2   10       0    0
     2   2   1   10       0    0

The operator is REAL and contains terms of unspecified symmetry
(which may or may not add up to a hermitian sum)

------------------------------------------------------------------------------


********* h1 Hamiltonian ***********

Terms
     k   m   s  sym coeff   No.s
     5   1   1   1    3      14
     6   1   2   1    3      14

The operator is REAL and HERMITIAN

------------------------------------------------------------------------------

