
******* Array-Dimensions *******

 k   :  minkoe, maxkoe      10    4000
 h   :  htmdim, maxhtm      17    4000
 hl  :  hopdim, maxhop      14    4000
 nh  :  minfac, maxfac       9     200
 n   :    ndef, maxdef      85     240
 n   :    npar, maxpar       4     300
 n   :    nrdf, maxrdf       0      16
 np  : npesopt, maxpes       0     100
 nham:  hamdim, maxham       2      10
 muld: mulddim,maxmuld       1      10
 LMR :    iLMR, maxLMR       0      20
 minnhtmshift,maxnhtmshift     0    10
 (for minedim, maxedim see log file)

***** Operator details *****

ndof   =   2 ,  nmode   =   2
nopdof =   3 ,  nopmode =   3
feb =  0,  meb =  0,   fpb =  0,  mpb =  0,  mkoe =  3
leb = F,  lmult = F,  lmulpack = F,  lcap = F

DOF no.    label
    1       X1
    2       X2
- - - - - - - - - - - - - - -
    3       Koeff

Mode     DOFs
   1    1=      X1
   2    2=      X2
- - - - - - - - - - - - - - -
   3    3=   Koeff

Number of Hamiltonians defined:     2
    1     system                usediag
    2     h1                    usediag

   Info on muld
  1  mulddof :
   1   2
  1  mulddof2:
   1   2

Information for Hamiltonian : System

Total no. of terms      :      2
No. of correlated terms :      0

No. of uncorrelated terms for mode   1:     1
No. of uncorrelated terms for mode   2:     1

Information for Hamiltonian : h1

Total no. of terms      :      1
No. of correlated terms :      0

No. of uncorrelated terms for mode   1:     0
No. of uncorrelated terms for mode   2:     1

  Parameters
PI                      3.141592653590
gamma                   0.100000000000
mass_X1                 1.000000000000
mass_X2                 1.000000000000

Number of operators removed =     0,  cutoff = 1.00E-09

  Operator Labels    [hl,hoplab,(deflabel),hopilab,hopfile]
    hl  Label                         function no.  file no.
     1  1                                       1       302
     2  -1                                      2       302
     3  I                                       1       101
     4  KEdvr                                   5         3
     5  0.5                                     0       301
     6  q^2                                     3       302
     7  q[1]^2               QHO2               3       302
     8  gamma                                   2       301

Hamiltonian Operator Terms [h,htmdof,htmadof,htmndof,htmmode,htmmuld,htmtype,
                            htmsym,htmshift,string]
   No.   f  af  nf   m  md Typ Sym   Shift      Term
     1   1   1   0   0   0   1   1       0    1
     2   2   2   0   0   0   1   1       0    1
     3   K           0   0   1   1            1
    12   1   1   0   0   0   8   1       0    KEdvr + q^2*0.5 + gamma
    13   2   2   0   0   0   8   1       0    KEdvr + q[1]^2*0.5 + gamma
    14   2   2   0   0   0   8   1       0    KEdvr + q^2*0.5

Arguments for operators
  No.    Arguments
    1    2.0000000        0.0000000        0.0000000        0.0000000    

********* System Hamiltonian ***********

Uncorrelated Terms
     k   m   s  sym coeff   No.s
     1   1   1   1    3      12
     2   2   1   1    3      13

The operator is REAL and HERMITIAN

------------------------------------------------------------------------------


********* h1 Hamiltonian ***********

Uncorrelated Terms
     k   m   s  sym coeff   No.s
     3   2   1   1    3      14

The operator is REAL and HERMITIAN

------------------------------------------------------------------------------

